nohup: ignoring input

🚀 正在处理 chb01...
✅ chb01 处理完成，获得 29197 个片段
✅ 数据已保存至 data/processed/chb01_segments.npz，共 29197 个样本，shape: (29197, 18, 1280)

🚀 正在处理 chb02...
✅ chb02 处理完成，获得 25391 个片段
✅ 数据已保存至 data/processed/chb02_segments.npz，共 25391 个样本，shape: (25391, 18, 1280)

🚀 正在处理 chb03...
⛔ 时间断裂过大，跳过补偿：
   当前记录: chb03_36.edf 开始于 1900-01-01 04:51:45
   上一记录: chb03_35.edf 结束于 1900-01-01 03:51:30
   时间间隔: 3615.00 秒（超过阈值 900.0 秒）
✅ chb03 处理完成，获得 27361 个片段
✅ 数据已保存至 data/processed/chb03_segments.npz，共 27361 个样本，shape: (27361, 18, 1280)

🚀 正在处理 chb04...
✅ chb04 处理完成，获得 112360 个片段
✅ 数据已保存至 data/processed/chb04_segments.npz，共 112360 个样本，shape: (112360, 18, 1280)

🚀 正在处理 chb05...
✅ chb05 处理完成，获得 28082 个片段
✅ 数据已保存至 data/processed/chb05_segments.npz，共 28082 个样本，shape: (28082, 18, 1280)

🚀 正在处理 chb06...
✅ chb06 处理完成，获得 48048 个片段
✅ 数据已保存至 data/processed/chb06_segments.npz，共 48048 个样本，shape: (48048, 18, 1280)

🚀 正在处理 chb07...
✅ chb07 处理完成，获得 48277 个片段
✅ 数据已保存至 data/processed/chb07_segments.npz，共 48277 个样本，shape: (48277, 18, 1280)

🚀 正在处理 chb08...
✅ chb08 处理完成，获得 14404 个片段
✅ 数据已保存至 data/processed/chb08_segments.npz，共 14404 个样本，shape: (14404, 18, 1280)

🚀 正在处理 chb09...
✅ chb09 处理完成，获得 48864 个片段
✅ 数据已保存至 data/processed/chb09_segments.npz，共 48864 个样本，shape: (48864, 18, 1280)

🚀 正在处理 chb10...
✅ chb10 处理完成，获得 36015 个片段
✅ 数据已保存至 data/processed/chb10_segments.npz，共 36015 个样本，shape: (36015, 18, 1280)

🚀 正在处理 chb11...
⛔ 时间断裂过大，跳过补偿：
   当前记录: chb11_82.edf 开始于 1900-01-01 21:47:24
   上一记录: chb11_63.edf 结束于 1900-01-01 04:38:39
   时间间隔: 61725.00 秒（超过阈值 900.0 秒）
⛔ 时间断裂过大，跳过补偿：
   当前记录: chb11_99.edf 开始于 1900-01-01 14:49:19
   上一记录: chb11_92.edf 结束于 1900-01-01 08:48:31
   时间间隔: 21648.00 秒（超过阈值 900.0 秒）
✅ chb11 处理完成，获得 25050 个片段
✅ 数据已保存至 data/processed/chb11_segments.npz，共 25050 个样本，shape: (25050, 18, 1280)

🚀 正在处理 chb12...
⛔ 时间断裂过大，跳过补偿：
   当前记录: chb12_27.edf 开始于 1900-01-01 16:07:06
   上一记录: chb12_24.edf 结束于 1900-01-01 14:06:45
   时间间隔: 7221.00 秒（超过阈值 900.0 秒）
⛔ 时间断裂过大，跳过补偿：
   当前记录: chb12_27.edf 开始于 1900-01-01 16:07:06
   上一记录: chb12_24.edf 结束于 1900-01-01 14:06:45
   时间间隔: 7221.00 秒（超过阈值 900.0 秒）
⛔ 时间断裂过大，跳过补偿：
   当前记录: chb12_27.edf 开始于 1900-01-01 16:07:06
   上一记录: chb12_24.edf 结束于 1900-01-01 14:06:45
   时间间隔: 7221.00 秒（超过阈值 900.0 秒）
未找到指定的通道: ['FP1-F7', 'F7-T7', 'T7-P7', 'P7-O1', 'FP1-F3', 'F3-C3', 'C3-P3', 'P3-O1', 'FP2-F4', 'F4-C4', 'C4-P4', 'P4-O2', 'FP2-F8', 'F8-T8', 'T8-P8', 'P8-O2', 'FZ-CZ', 'CZ-PZ'] 在文件 data/raw/chb12/chb12_27.edf 中。
未找到指定的通道: ['FP1-F7', 'F7-T7', 'T7-P7', 'P7-O1', 'FP1-F3', 'F3-C3', 'C3-P3', 'P3-O1', 'FP2-F4', 'F4-C4', 'C4-P4', 'P4-O2', 'FP2-F8', 'F8-T8', 'T8-P8', 'P8-O2', 'FZ-CZ', 'CZ-PZ'] 在文件 data/raw/chb12/chb12_28.edf 中。
未找到指定的通道: ['FP1-F7', 'F7-T7', 'T7-P7', 'P7-O1', 'FP1-F3', 'F3-C3', 'C3-P3', 'P3-O1', 'FP2-F4', 'F4-C4', 'C4-P4', 'P4-O2', 'FP2-F8', 'F8-T8', 'T8-P8', 'P8-O2', 'FZ-CZ', 'CZ-PZ'] 在文件 data/raw/chb12/chb12_29.edf 中。
✅ chb12 处理完成，获得 14894 个片段
✅ 数据已保存至 data/processed/chb12_segments.npz，共 14894 个样本，shape: (14894, 18, 1280)

🚀 正在处理 chb13...
⛔ 时间断裂过大，跳过补偿：
   当前记录: chb13_21.edf 开始于 1900-01-01 11:14:59
   上一记录: chb13_19.edf 结束于 1900-01-01 10:14:25
   时间间隔: 3634.00 秒（超过阈值 900.0 秒）
⛔ 时间断裂过大，跳过补偿：
   当前记录: chb13_55.edf 开始于 1900-01-01 21:20:07
   上一记录: chb13_47.edf 结束于 1900-01-01 14:18:37
   时间间隔: 25290.00 秒（超过阈值 900.0 秒）
⛔ 时间断裂过大，跳过补偿：
   当前记录: chb13_62.edf 开始于 1900-01-01 04:20:55
   上一记录: chb13_60.edf 结束于 1900-01-01 03:20:41
   时间间隔: 3614.00 秒（超过阈值 900.0 秒）
⛔ 时间断裂过大，跳过补偿：
   当前记录: chb13_62.edf 开始于 1900-01-01 04:20:55
   上一记录: chb13_60.edf 结束于 1900-01-01 03:20:41
   时间间隔: 3614.00 秒（超过阈值 900.0 秒）
✅ chb13 处理完成，获得 23760 个片段
✅ 数据已保存至 data/processed/chb13_segments.npz，共 23760 个样本，shape: (23760, 18, 1280)

🚀 正在处理 chb14...
✅ chb14 处理完成，获得 18720 个片段
✅ 数据已保存至 data/processed/chb14_segments.npz，共 18720 个样本，shape: (18720, 18, 1280)

🚀 正在处理 chb15...
⛔ 时间断裂过大，跳过补偿：
   当前记录: chb15_22.edf 开始于 1900-01-01 15:26:02
   上一记录: chb15_20.edf 结束于 1900-01-01 14:25:48
   时间间隔: 3614.00 秒（超过阈值 900.0 秒）
⛔ 时间断裂过大，跳过补偿：
   当前记录: chb15_28.edf 开始于 1900-01-01 21:27:58
   上一记录: chb15_26.edf 结束于 1900-01-01 20:27:44
   时间间隔: 3614.00 秒（超过阈值 900.0 秒）
⛔ 时间断裂过大，跳过补偿：
   当前记录: chb15_40.edf 开始于 1900-01-01 09:29:21
   上一记录: chb15_37.edf 结束于 1900-01-01 07:29:00
   时间间隔: 7221.00 秒（超过阈值 900.0 秒）
⛔ 时间断裂过大，跳过补偿：
   当前记录: chb15_49.edf 开始于 1900-01-01 18:38:05
   上一记录: chb15_46.edf 结束于 1900-01-01 16:30:07
   时间间隔: 7678.00 秒（超过阈值 900.0 秒）
⛔ 时间断裂过大，跳过补偿：
   当前记录: chb15_54.edf 开始于 1900-01-01 23:39:54
   上一记录: chb15_52.edf 结束于 1900-01-01 22:39:19
   时间间隔: 3635.00 秒（超过阈值 900.0 秒）
⛔ 时间断裂过大，跳过补偿：
   当前记录: chb15_54.edf 开始于 1900-01-01 23:39:54
   上一记录: chb15_52.edf 结束于 1900-01-01 22:39:19
   时间间隔: 3635.00 秒（超过阈值 900.0 秒）
⛔ 时间断裂过大，跳过补偿：
   当前记录: chb15_54.edf 开始于 1900-01-01 23:39:54
   上一记录: chb15_52.edf 结束于 1900-01-01 22:39:19
   时间间隔: 3635.00 秒（超过阈值 900.0 秒）
✅ chb15 处理完成，获得 28806 个片段
✅ 数据已保存至 data/processed/chb15_segments.npz，共 28806 个样本，shape: (28806, 18, 1280)

🚀 正在处理 chb16...
✅ chb16 处理完成，获得 13680 个片段
✅ 数据已保存至 data/processed/chb16_segments.npz，共 13680 个样本，shape: (13680, 18, 1280)

🚀 正在处理 chb17...
✅ chb17 处理完成，获得 15124 个片段
✅ 数据已保存至 data/processed/chb17_segments.npz，共 15124 个样本，shape: (15124, 18, 1280)

🚀 正在处理 chb18...
✅ chb18 处理完成，获得 25656 个片段
✅ 数据已保存至 data/processed/chb18_segments.npz，共 25656 个样本，shape: (25656, 18, 1280)

🚀 正在处理 chb19...
✅ chb19 处理完成，获得 21548 个片段
✅ 数据已保存至 data/processed/chb19_segments.npz，共 21548 个样本，shape: (21548, 18, 1280)

🚀 正在处理 chb20...
⛔ 时间断裂过大，跳过补偿：
   当前记录: chb20_68.edf 开始于 1900-01-01 09:45:07
   上一记录: chb20_60.edf 结束于 1900-01-01 02:44:11
   时间间隔: 25256.00 秒（超过阈值 900.0 秒）
✅ chb20 处理完成，获得 19870 个片段
✅ 数据已保存至 data/processed/chb20_segments.npz，共 19870 个样本，shape: (19870, 18, 1280)

🚀 正在处理 chb21...
✅ chb21 处理完成，获得 23637 个片段
✅ 数据已保存至 data/processed/chb21_segments.npz，共 23637 个样本，shape: (23637, 18, 1280)

🚀 正在处理 chb22...
⛔ 时间断裂过大，跳过补偿：
   当前记录: chb22_38.edf 开始于 1900-01-01 11:47:09
   上一记录: chb22_30.edf 结束于 1900-01-01 04:46:11
   时间间隔: 25258.00 秒（超过阈值 900.0 秒）
✅ chb22 处理完成，获得 22322 个片段
✅ 数据已保存至 data/processed/chb22_segments.npz，共 22322 个样本，shape: (22322, 18, 1280)

🚀 正在处理 chb23...
✅ chb23 处理完成，获得 19120 个片段
✅ 数据已保存至 data/processed/chb23_segments.npz，共 19120 个样本，shape: (19120, 18, 1280)
